<?xml version="1.0" encoding="UTF-8"?>
<!-- Generated by org.testng.reporters.JUnitReportReporter -->
<testsuite hostname="Spide" failures="0" tests="1" name="runner.Runner" time="6.153" errors="0" timestamp="2023-02-26T15:11:38 EST" skipped="0">
  <testcase classname="runner.Runner" name="runScenario" time="6.153"/>
  <system-out/>
</testsuite> <!-- runner.Runner -->
