<?xml version="1.0" encoding="UTF-8"?>
<!-- Generated by org.testng.reporters.JUnitReportReporter -->
<testsuite hostname="Spide" failures="0" tests="1" name="toTest.testToWork" time="3.942" errors="0" timestamp="2023-02-24T23:46:43 EST" skipped="0">
  <testcase classname="toTest.testToWork" name="LandOnElementPage" time="3.942"/>
  <system-out/>
</testsuite> <!-- toTest.testToWork -->
