<?xml version="1.0" encoding="UTF-8"?>
<!-- Generated by org.testng.reporters.JUnitReportReporter -->
<testsuite hostname="Spide" failures="0" tests="1" name="toTest.logIn" time="6.484" errors="0" timestamp="2023-02-26T01:43:39 EST" skipped="0">
  <testcase classname="toTest.logIn" name="log" time="6.484"/>
  <system-out/>
</testsuite> <!-- toTest.logIn -->
